abc.gov.im
admin.gov.im
amdmu.gov.im
arbrus.gov.im
archive.douglas.gov.im
areyouok.gov.im
bc.gov.im
beta.gov.im
buildingcontrol.douglas.gov.im
castletown.gov.im
cdl.gov.im
centralregistry.gov.im
ceservices.gov.im
cew1.gov.im
cew2.gov.im
cmsweb.gov.im
companiesregistry.gov.im
consult.gov.im
coronation.gov.im
costoflivingsupport.gov.im
covid19.gov.im
covidbeta.gov.im
cpanel.castletown.gov.im
crs.gov.im
cxuatc.gov.im
das2.gov.im
das.gov.im
dccluster.gov.im
decemm.gov.im
desc.digitalservices.gov.im
disclosures.gov.im
dot.gov.im
douglas.gov.im
dscsurveys.gov.im
ecommerce.gov.im
educationsupply.gov.im
emm.gov.im
emmu.gov.im
emplaw.gov.im
esmdm.gov.im
esmdmu.gov.im
e-xceptional.gov.im
extranet.gov.im
fatca.gov.im
forms.gov.im
fsc.gov.im
ftp.dot.gov.im
function.douglas.gov.im
governmenthouse.gov.im
gov.im
grenaby.gov.im
guestwifi.gov.im
hoppy.iom.com
host01.gov.im
host02.gov.im
hrbeta.gov.im
hr.gov.im
iepmanager.gov.im
images.gov.im
integratedethicsportal.gov.im
iomfire-gbos.gov.im
iomfsabeta.gov.im
ip-76-0.gov.im
ip-76-100.gov.im
ip-76-101.gov.im
ip-76-102.gov.im
ip-76-104.gov.im
ip-76-105.gov.im
ip-76-109.gov.im
ip-76-110.gov.im
ip-76-111.gov.im
ip-76-112.gov.im
ip-76-113.gov.im
ip-76-114.gov.im
ip-76-115.gov.im
ip-76-116.gov.im
ip-76-117.gov.im
ip-76-31.gov.im
ip-76-32.gov.im
ip-76-33.gov.im
ip-76-34.gov.im
ip-76-37.gov.im
ip-76-38.gov.im
ip-76-39.gov.im
ip-76-40.gov.im
ip-76-41.gov.im
ip-76-42.gov.im
ip-76-43.gov.im
ip-76-44.gov.im
ip-76-45.gov.im
ip-76-46.gov.im
ip-76-47.gov.im
ip-76-48.gov.im
ip-76-49.gov.im
ip-76-4.gov.im
ip-76-50.gov.im
ip-76-51.gov.im
ip-76-54.gov.im
ip-76-55.gov.im
ip-76-56.gov.im
ip-76-58.gov.im
ip-76-60.gov.im
ip-76-61.gov.im
ip-76-62.gov.im
ip-76-63.gov.im
ip-76-64.gov.im
ip-76-65.gov.im
ip-76-66.gov.im
ip-76-67.gov.im
ip-76-68.gov.im
ip-76-69.gov.im
ip-76-70.gov.im
ip-76-71.gov.im
ip-76-72.gov.im
ip-76-73.gov.im
ip-76-74.gov.im
ip-76-75.gov.im
ip-76-76.gov.im
ip-76-77.gov.im
ip-76-78.gov.im
ip-76-79.gov.im
ip-76-80.gov.im
ip-76-81.gov.im
ip-76-82.gov.im
ip-76-83.gov.im
ip-76-84.gov.im
ip-76-85.gov.im
ip-76-86.gov.im
ip-76-87.gov.im
ip-76-88.gov.im
ip-76-89.gov.im
ip-76-90.gov.im
ip-76-91.gov.im
ip-76-92.gov.im
ip-76-94.gov.im
ip-76-95.gov.im
ip-76-96.gov.im
ip-76-97.gov.im
ip-76-98.gov.im
ip-76-99.gov.im
ipafp1.ipa.gov.im
ipa.gov.im
kdonline.gov.im
legislation.gov.im
library.douglas.gov.im
librarydownload.douglas.gov.im
librarykeylldarree.gov.im
library.porterin.gov.im
lm.gov.im
mag.gov.im
magu.gov.im
mail1.gov.im
mail.castletown.gov.im
mail.portstmary.gov.im
mail.ramsey.gov.im
manngis.gov.im
manxcare.gov.im
maps.gov.im
mds.gov.im
michael.gov.im
mra.gov.im
mse.gov.im
msr.gov.im
mtr.gov.im
o1.ptr5094.gov.im
payments.douglas.gov.im
pebbles.iom.com
pgpg.gov.im
phildraw.gov.im
portal.gov.im
porterin.gov.im
portstmary.gov.im
ppmaps.gov.im
quit4you.gov.im
ra.gov.im
ramsey.gov.im
readthesigns.gov.im
reconciliation.gov.im
recycle.douglas.gov.im
rhenwyllan.gov.im
safeguardingbeta.gov.im
services.gov.im
smdmu.gov.im
snapsurveys.gov.im
spx.gov.im
start.gov.im
survey02.gov.im
timing.gov.im
tmdmu.gov.im
tro.gov.im
uatcrs.gov.im
ucmbeta.gov.im
vaishveg.gov.im
webdisk.castletown.gov.im
webmail.castletown.gov.im
webmail.douglas.gov.im
webmail.ramsey.gov.im
wiskiweb.gov.im
www1.gov.im
www.castletown.gov.im
www.disclosures.gov.im
www.douglas.gov.im
www.ecommerce.gov.im
www.emplaw.gov.im
www.e-xceptional.gov.im
www.fsc.gov.im
www.gov.im
www.legislation.gov.im
www.manxcare.gov.im
www.michael.gov.im
www.porterin.gov.im
www.portstmary.gov.im
www.quit4you.gov.im
www.ramsey.gov.im
