admin.gov.im
arbory.gov.im
arbrus.gov.im
autodiscover.michael.gov.im
beta.gov.im
braddan.gov.im
castletown.gov.im
centralregistry.gov.im
cew1.gov.im
cew2.gov.im
cf.gov.im
cmsweb.gov.im
consult.gov.im
cpanel.castletown.gov.im
cpanel.icu.gov.im
cpanel.michael.gov.im
cpcalendars.michael.gov.im
cpcontacts.michael.gov.im
crs.gov.im
dcexchange.douglas.gov.im
decemm.gov.im
digitalservices.gov.im
disclosures.gov.im
douglas.gov.im
ecommerce.gov.im
educationsupply.gov.im
email.douglas.gov.im
emm.gov.im
emmu.gov.im
emplaw.gov.im
esmdm.gov.im
esmdmu.gov.im
extranet.gov.im
fatca.gov.im
forms.gov.im
fsc.gov.im
function.douglas.gov.im
gov.im
guestwifi.gov.im
icu.gov.im
iepmanager.gov.im
integratedethicsportal.gov.im
iomg-exp-edge.gov.im
legislation.gov.im
lm.gov.im
mag.gov.im
magu.gov.im
mail.castletown.gov.im
mail.gov.im
mail.icu.gov.im
mail.michael.gov.im
manngis.gov.im
manxcare.gov.im
mdm.gov.im
michael.gov.im
mra.gov.im
mse.gov.im
quit4you.gov.im
ramsey.gov.im
reconciliation.gov.im
rtc.gov.im
rushen.gov.im
smdmu.gov.im
start.gov.im
stats.gov.im
tro.gov.im
uatcrs.gov.im
webdisk.castletown.gov.im
webdisk.icu.gov.im
webdisk.michael.gov.im
webmail.castletown.gov.im
webmail.douglas.gov.im
webmail.icu.gov.im
webmail.michael.gov.im
webmail.ramsey.gov.im
www.braddan.gov.im
www.castletown.gov.im
www.centralregistry.gov.im
www.cew1.gov.im
www.cew2.gov.im
www.crs.gov.im
www.decemm.gov.im
www.digitalservices.gov.im
www.disclosures.gov.im
www.douglas.gov.im
www.ecommerce.gov.im
www.emm.gov.im
www.emmu.gov.im
www.emplaw.gov.im
www.fatca.gov.im
www.fsc.gov.im
www.gov.im
www.guestwifi.gov.im
www.icu.gov.im
www.integratedethicsportal.gov.im
www.legislation.gov.im
www.mag.gov.im
www.magu.gov.im
www.manxcare.gov.im
www.mdm.gov.im
www.michael.gov.im
www.mra.gov.im
www.mse.gov.im
www.quit4you.gov.im
www.ramsey.gov.im
www.uatcrs.gov.im
